<?xml version='1.0' encoding='UTF-8'?>
<testsuite hostname="Samins-MacBook-Pro.local" name="org.argus.amandroid.core.dedex.LocalTypeResolverTest" tests="27" errors="0" failures="0" skipped="0" time="6.313" timestamp="2021-04-10T02:33:02">
                     <properties>
      <property name="os.detected.version" value="10.16"/><property name="jline.esc.timeout" value="0"/><property name="jna.platform.library.path" value="/usr/lib:/usr/lib"/><property name="java.runtime.name" value="Java(TM) SE Runtime Environment"/><property name="sun.boot.library.path" value="/Library/Internet Plug-Ins/JavaAppletPlugin.plugin/Contents/Home/lib"/><property name="java.vm.version" value="25.281-b09"/><property name="gopherProxySet" value="false"/><property name="java.vm.vendor" value="Oracle Corporation"/><property name="java.vendor.url" value="http://java.oracle.com/"/><property name="os.detected.version.minor" value="16"/><property name="path.separator" value=":"/><property name="jna.loaded" value="true"/><property name="java.vm.name" value="Java HotSpot(TM) 64-Bit Server VM"/><property name="file.encoding.pkg" value="sun.io"/><property name="user.country" value="US"/><property name="sun.java.launcher" value="SUN_STANDARD"/><property name="sun.os.patch.level" value="unknown"/><property name="jna.nosys" value="true"/><property name="java.vm.specification.name" value="Java Virtual Machine Specification"/><property name="user.dir" value="/Users/samin/Documents/Work/Amandroid/Aardroid/Argus-SAF"/><property name="java.runtime.version" value="1.8.0_281-b09"/><property name="java.awt.graphicsenv" value="sun.awt.CGraphicsEnvironment"/><property name="java.endorsed.dirs" value="/Library/Internet Plug-Ins/JavaAppletPlugin.plugin/Contents/Home/lib/endorsed"/><property name="os.arch" value="x86_64"/><property name="java.io.tmpdir" value="/var/folders/y1/7pjj74j5413fsq77jjltwww00000gn/T/"/><property name="line.separator" value="
"/><property name="java.vm.specification.vendor" value="Oracle Corporation"/><property name="os.detected.version.major" value="10"/><property name="os.name" value="Mac OS X"/><property name="os.detected.classifier" value="osx-x86_64"/><property name="sun.jnu.encoding" value="UTF-8"/><property name="jnidispatch.path" value="/var/folders/y1/7pjj74j5413fsq77jjltwww00000gn/T/jna-109202756/jna8237783155991491015.tmp"/><property name="java.library.path" value="/Users/samin/Library/Java/Extensions:/Library/Java/Extensions:/Network/Library/Java/Extensions:/System/Library/Java/Extensions:/usr/lib/java:."/><property name="os.detected.arch" value="x86_64"/><property name="java.specification.name" value="Java Platform API Specification"/><property name="java.class.version" value="52.0"/><property name="sun.management.compiler" value="HotSpot 64-Bit Tiered Compilers"/><property name="os.detected.name" value="osx"/><property name="os.version" value="10.16"/><property name="user.home" value="/Users/samin"/><property name="user.timezone" value="America/New_York"/><property name="java.awt.printerjob" value="sun.lwawt.macosx.CPrinterJob"/><property name="file.encoding" value="UTF-8"/><property name="java.specification.version" value="1.8"/><property name="java.class.path" value="/Users/samin/Documents/Work/Amandroid/Aardroid/Argus-SAF/tools/bin/sbt-launch.jar"/><property name="user.name" value="samin"/><property name="jline.shutdownhook" value="false"/><property name="java.vm.specification.version" value="1.8"/><property name="sun.java.command" value="/Users/samin/Documents/Work/Amandroid/Aardroid/Argus-SAF/tools/bin/sbt-launch.jar clean compile test"/><property name="java.home" value="/Library/Internet Plug-Ins/JavaAppletPlugin.plugin/Contents/Home"/><property name="sun.arch.data.model" value="64"/><property name="user.language" value="en"/><property name="java.specification.vendor" value="Oracle Corporation"/><property name="awt.toolkit" value="sun.lwawt.macosx.LWCToolkit"/><property name="java.vm.info" value="mixed mode"/><property name="java.version" value="1.8.0_281"/><property name="java.ext.dirs" value="/Users/samin/Library/Java/Extensions:/Library/Internet Plug-Ins/JavaAppletPlugin.plugin/Contents/Home/lib/ext:/Library/Java/Extensions:/Network/Library/Java/Extensions:/System/Library/Java/Extensions:/usr/lib/java"/><property name="sun.boot.class.path" value="/Library/Internet Plug-Ins/JavaAppletPlugin.plugin/Contents/Home/lib/resources.jar:/Library/Internet Plug-Ins/JavaAppletPlugin.plugin/Contents/Home/lib/rt.jar:/Library/Internet Plug-Ins/JavaAppletPlugin.plugin/Contents/Home/lib/sunrsasign.jar:/Library/Internet Plug-Ins/JavaAppletPlugin.plugin/Contents/Home/lib/jsse.jar:/Library/Internet Plug-Ins/JavaAppletPlugin.plugin/Contents/Home/lib/jce.jar:/Library/Internet Plug-Ins/JavaAppletPlugin.plugin/Contents/Home/lib/charsets.jar:/Library/Internet Plug-Ins/JavaAppletPlugin.plugin/Contents/Home/lib/jfr.jar:/Library/Internet Plug-Ins/JavaAppletPlugin.plugin/Contents/Home/classes"/><property name="java.vendor" value="Oracle Corporation"/><property name="file.separator" value="/"/><property name="java.vendor.url.bug" value="http://bugreport.sun.com/bugreport/"/><property name="sun.io.unicode.encoding" value="UnicodeBig"/><property name="sun.cpu.endian" value="little"/><property name="sun.cpu.isalist" value=""/>
    </properties>
                     <testcase classname="org.argus.amandroid.core.dedex.LocalTypeResolverTest" name="Resolve local type should get same result on ArrayAccess1" time="0.888">
                                                 
                                               </testcase><testcase classname="org.argus.amandroid.core.dedex.LocalTypeResolverTest" name="Resolve local type should get same result on ArrayAccess2" time="0.164">
                                                 
                                               </testcase><testcase classname="org.argus.amandroid.core.dedex.LocalTypeResolverTest" name="Resolve local type should get same result on ArrayAccess3" time="0.189">
                                                 
                                               </testcase><testcase classname="org.argus.amandroid.core.dedex.LocalTypeResolverTest" name="Resolve local type should get same result on ArrayCopy" time="0.123">
                                                 
                                               </testcase><testcase classname="org.argus.amandroid.core.dedex.LocalTypeResolverTest" name="Resolve local type should get same result on ArrayFill1" time="0.123">
                                                 
                                               </testcase><testcase classname="org.argus.amandroid.core.dedex.LocalTypeResolverTest" name="Resolve local type should get same result on ArrayFill2" time="0.116">
                                                 
                                               </testcase><testcase classname="org.argus.amandroid.core.dedex.LocalTypeResolverTest" name="Resolve local type should get same result on ArrayLength1" time="0.032">
                                                 
                                               </testcase><testcase classname="org.argus.amandroid.core.dedex.LocalTypeResolverTest" name="Resolve local type should get same result on Cmp1" time="0.036">
                                                 
                                               </testcase><testcase classname="org.argus.amandroid.core.dedex.LocalTypeResolverTest" name="Resolve local type should get same result on Cmp2" time="0.035">
                                                 
                                               </testcase><testcase classname="org.argus.amandroid.core.dedex.LocalTypeResolverTest" name="Resolve local type should get same result on ConstClass1" time="0.03">
                                                 
                                               </testcase><testcase classname="org.argus.amandroid.core.dedex.LocalTypeResolverTest" name="Resolve local type should get same result on ConstClass2" time="0.028">
                                                 
                                               </testcase><testcase classname="org.argus.amandroid.core.dedex.LocalTypeResolverTest" name="Resolve local type should get same result on DoubleLong1" time="0.089">
                                                 
                                               </testcase><testcase classname="org.argus.amandroid.core.dedex.LocalTypeResolverTest" name="Resolve local type should get same result on Exceptions1" time="0.213">
                                                 
                                               </testcase><testcase classname="org.argus.amandroid.core.dedex.LocalTypeResolverTest" name="Resolve local type should get same result on Exceptions2" time="0.159">
                                                 
                                               </testcase><testcase classname="org.argus.amandroid.core.dedex.LocalTypeResolverTest" name="Resolve local type should get same result on Exceptions3" time="0.113">
                                                 
                                               </testcase><testcase classname="org.argus.amandroid.core.dedex.LocalTypeResolverTest" name="Resolve local type should throw an exception on Exceptions4" time="0.098">
                                                 
                                               </testcase><testcase classname="org.argus.amandroid.core.dedex.LocalTypeResolverTest" name="Resolve local type should get same result on FieldAccess1" time="0.161">
                                                 
                                               </testcase><testcase classname="org.argus.amandroid.core.dedex.LocalTypeResolverTest" name="Resolve local type should get same result on FieldAccess2" time="0.138">
                                                 
                                               </testcase><testcase classname="org.argus.amandroid.core.dedex.LocalTypeResolverTest" name="Resolve local type should get same result on InstanceOf1" time="0.016">
                                                 
                                               </testcase><testcase classname="org.argus.amandroid.core.dedex.LocalTypeResolverTest" name="Resolve local type should get same result on InstanceOf2" time="0.053">
                                                 
                                               </testcase><testcase classname="org.argus.amandroid.core.dedex.LocalTypeResolverTest" name="Resolve local type should get same result on IfJump1" time="0.029">
                                                 
                                               </testcase><testcase classname="org.argus.amandroid.core.dedex.LocalTypeResolverTest" name="Resolve local type should get same result on IfJump2" time="0.03">
                                                 
                                               </testcase><testcase classname="org.argus.amandroid.core.dedex.LocalTypeResolverTest" name="Resolve local type should get same result on SwitchJump1" time="0.046">
                                                 
                                               </testcase><testcase classname="org.argus.amandroid.core.dedex.LocalTypeResolverTest" name="Resolve local type should get same result on SwitchJump2" time="0.068">
                                                 
                                               </testcase><testcase classname="org.argus.amandroid.core.dedex.LocalTypeResolverTest" name="dex should produce expected code" time="0.863">
                                                 
                                               </testcase><testcase classname="org.argus.amandroid.core.dedex.LocalTypeResolverTest" name="dex should produce expected code" time="1.388">
                                                 
                                               </testcase><testcase classname="org.argus.amandroid.core.dedex.LocalTypeResolverTest" name="odex should produce expected code" time="1.085">
                                                 
                                               </testcase>
                     <system-out><![CDATA[]]></system-out>
                     <system-err><![CDATA[]]></system-err>
                   </testsuite>