<?xml version='1.0' encoding='UTF-8'?>
<testsuite hostname="Samins-MacBook-Pro.local" name="org.argus.jawa.flow.summary.model.ThreadSuTest" tests="50" errors="0" failures="0" skipped="0" time="0.174" timestamp="2021-04-10T02:33:14">
                     <properties>
      <property name="os.detected.version" value="10.16"/><property name="jline.esc.timeout" value="0"/><property name="jna.platform.library.path" value="/usr/lib:/usr/lib"/><property name="java.runtime.name" value="Java(TM) SE Runtime Environment"/><property name="sun.boot.library.path" value="/Library/Internet Plug-Ins/JavaAppletPlugin.plugin/Contents/Home/lib"/><property name="java.vm.version" value="25.281-b09"/><property name="gopherProxySet" value="false"/><property name="java.vm.vendor" value="Oracle Corporation"/><property name="java.vendor.url" value="http://java.oracle.com/"/><property name="os.detected.version.minor" value="16"/><property name="path.separator" value=":"/><property name="jna.loaded" value="true"/><property name="java.vm.name" value="Java HotSpot(TM) 64-Bit Server VM"/><property name="file.encoding.pkg" value="sun.io"/><property name="user.country" value="US"/><property name="sun.java.launcher" value="SUN_STANDARD"/><property name="sun.os.patch.level" value="unknown"/><property name="jna.nosys" value="true"/><property name="java.vm.specification.name" value="Java Virtual Machine Specification"/><property name="user.dir" value="/Users/samin/Documents/Work/Amandroid/Aardroid/Argus-SAF"/><property name="java.runtime.version" value="1.8.0_281-b09"/><property name="java.awt.graphicsenv" value="sun.awt.CGraphicsEnvironment"/><property name="java.endorsed.dirs" value="/Library/Internet Plug-Ins/JavaAppletPlugin.plugin/Contents/Home/lib/endorsed"/><property name="os.arch" value="x86_64"/><property name="java.io.tmpdir" value="/var/folders/y1/7pjj74j5413fsq77jjltwww00000gn/T/"/><property name="line.separator" value="
"/><property name="java.vm.specification.vendor" value="Oracle Corporation"/><property name="os.detected.version.major" value="10"/><property name="os.name" value="Mac OS X"/><property name="os.detected.classifier" value="osx-x86_64"/><property name="sun.jnu.encoding" value="UTF-8"/><property name="jnidispatch.path" value="/var/folders/y1/7pjj74j5413fsq77jjltwww00000gn/T/jna-109202756/jna8237783155991491015.tmp"/><property name="java.library.path" value="/Users/samin/Library/Java/Extensions:/Library/Java/Extensions:/Network/Library/Java/Extensions:/System/Library/Java/Extensions:/usr/lib/java:."/><property name="os.detected.arch" value="x86_64"/><property name="java.specification.name" value="Java Platform API Specification"/><property name="java.class.version" value="52.0"/><property name="sun.management.compiler" value="HotSpot 64-Bit Tiered Compilers"/><property name="os.detected.name" value="osx"/><property name="os.version" value="10.16"/><property name="user.home" value="/Users/samin"/><property name="user.timezone" value="America/New_York"/><property name="java.awt.printerjob" value="sun.lwawt.macosx.CPrinterJob"/><property name="file.encoding" value="UTF-8"/><property name="java.specification.version" value="1.8"/><property name="java.class.path" value="/Users/samin/Documents/Work/Amandroid/Aardroid/Argus-SAF/tools/bin/sbt-launch.jar"/><property name="user.name" value="samin"/><property name="jline.shutdownhook" value="false"/><property name="java.vm.specification.version" value="1.8"/><property name="sun.java.command" value="/Users/samin/Documents/Work/Amandroid/Aardroid/Argus-SAF/tools/bin/sbt-launch.jar clean compile test"/><property name="java.home" value="/Library/Internet Plug-Ins/JavaAppletPlugin.plugin/Contents/Home"/><property name="sun.arch.data.model" value="64"/><property name="user.language" value="en"/><property name="java.specification.vendor" value="Oracle Corporation"/><property name="awt.toolkit" value="sun.lwawt.macosx.LWCToolkit"/><property name="java.vm.info" value="mixed mode"/><property name="java.version" value="1.8.0_281"/><property name="java.ext.dirs" value="/Users/samin/Library/Java/Extensions:/Library/Internet Plug-Ins/JavaAppletPlugin.plugin/Contents/Home/lib/ext:/Library/Java/Extensions:/Network/Library/Java/Extensions:/System/Library/Java/Extensions:/usr/lib/java"/><property name="sun.boot.class.path" value="/Library/Internet Plug-Ins/JavaAppletPlugin.plugin/Contents/Home/lib/resources.jar:/Library/Internet Plug-Ins/JavaAppletPlugin.plugin/Contents/Home/lib/rt.jar:/Library/Internet Plug-Ins/JavaAppletPlugin.plugin/Contents/Home/lib/sunrsasign.jar:/Library/Internet Plug-Ins/JavaAppletPlugin.plugin/Contents/Home/lib/jsse.jar:/Library/Internet Plug-Ins/JavaAppletPlugin.plugin/Contents/Home/lib/jce.jar:/Library/Internet Plug-Ins/JavaAppletPlugin.plugin/Contents/Home/lib/charsets.jar:/Library/Internet Plug-Ins/JavaAppletPlugin.plugin/Contents/Home/lib/jfr.jar:/Library/Internet Plug-Ins/JavaAppletPlugin.plugin/Contents/Home/classes"/><property name="java.vendor" value="Oracle Corporation"/><property name="file.separator" value="/"/><property name="java.vendor.url.bug" value="http://bugreport.sun.com/bugreport/"/><property name="sun.io.unicode.encoding" value="UnicodeBig"/><property name="sun.cpu.endian" value="little"/><property name="sun.cpu.isalist" value=""/>
    </properties>
                     <testcase classname="org.argus.jawa.flow.summary.model.ThreadSuTest" name="&lt;init&gt;:()V should produce as expected" time="0.001">
                                                 
                                               </testcase><testcase classname="org.argus.jawa.flow.summary.model.ThreadSuTest" name="&lt;init&gt;:(Ljava/lang/Runnable;)V should produce as expected" time="0.002">
                                                 
                                               </testcase><testcase classname="org.argus.jawa.flow.summary.model.ThreadSuTest" name="&lt;init&gt;:(Ljava/lang/Runnable;Ljava/lang/String;)V should produce as expected" time="0.017">
                                                 
                                               </testcase><testcase classname="org.argus.jawa.flow.summary.model.ThreadSuTest" name="&lt;init&gt;:(Ljava/lang/String;)V should produce as expected" time="0.002">
                                                 
                                               </testcase><testcase classname="org.argus.jawa.flow.summary.model.ThreadSuTest" name="&lt;init&gt;:(Ljava/lang/ThreadGroup;Ljava/lang/Runnable;Ljava/lang/String;)V should produce as expected" time="0.006">
                                                 
                                               </testcase><testcase classname="org.argus.jawa.flow.summary.model.ThreadSuTest" name="&lt;init&gt;:(Ljava/lang/ThreadGroup;Ljava/lang/Runnable;Ljava/lang/String;J)V should produce as expected" time="0.007">
                                                 
                                               </testcase><testcase classname="org.argus.jawa.flow.summary.model.ThreadSuTest" name="&lt;init&gt;:(Ljava/lang/ThreadGroup;Ljava/lang/String;)V should produce as expected" time="0.006">
                                                 
                                               </testcase><testcase classname="org.argus.jawa.flow.summary.model.ThreadSuTest" name="activeCount:()I should produce as expected" time="0.0">
                                                 
                                               </testcase><testcase classname="org.argus.jawa.flow.summary.model.ThreadSuTest" name="checkAccess:()V should produce as expected" time="0.0">
                                                 
                                               </testcase><testcase classname="org.argus.jawa.flow.summary.model.ThreadSuTest" name="clone:()Ljava/lang/Object; should produce as expected" time="0.002">
                                                 
                                               </testcase><testcase classname="org.argus.jawa.flow.summary.model.ThreadSuTest" name="countStackFrames:()I should produce as expected" time="0.001">
                                                 
                                               </testcase><testcase classname="org.argus.jawa.flow.summary.model.ThreadSuTest" name="currentThread:()Ljava/lang/Thread; should produce as expected" time="0.001">
                                                 
                                               </testcase><testcase classname="org.argus.jawa.flow.summary.model.ThreadSuTest" name="destroy:()V should produce as expected" time="0.0">
                                                 
                                               </testcase><testcase classname="org.argus.jawa.flow.summary.model.ThreadSuTest" name="dumpStack:()V should produce as expected" time="0.001">
                                                 
                                               </testcase><testcase classname="org.argus.jawa.flow.summary.model.ThreadSuTest" name="enumerate:([Ljava/lang/Thread;)I should produce as expected" time="0.0">
                                                 
                                               </testcase><testcase classname="org.argus.jawa.flow.summary.model.ThreadSuTest" name="getAllStackTraces:()Ljava/util/Map; should produce as expected" time="0.044">
                                                 
                                               </testcase><testcase classname="org.argus.jawa.flow.summary.model.ThreadSuTest" name="getContextClassLoader:()Ljava/lang/ClassLoader; should produce as expected" time="0.002">
                                                 
                                               </testcase><testcase classname="org.argus.jawa.flow.summary.model.ThreadSuTest" name="getDefaultUncaughtExceptionHandler:()Ljava/lang/Thread$UncaughtExceptionHandler; should produce as expected" time="0.003">
                                                 
                                               </testcase><testcase classname="org.argus.jawa.flow.summary.model.ThreadSuTest" name="getId:()J should produce as expected" time="0.006">
                                                 
                                               </testcase><testcase classname="org.argus.jawa.flow.summary.model.ThreadSuTest" name="getName:()Ljava/lang/String; should produce as expected" time="0.002">
                                                 
                                               </testcase><testcase classname="org.argus.jawa.flow.summary.model.ThreadSuTest" name="getPriority:()I should produce as expected" time="0.001">
                                                 
                                               </testcase><testcase classname="org.argus.jawa.flow.summary.model.ThreadSuTest" name="getStackTrace:()[Ljava/lang/StackTraceElement; should produce as expected" time="0.023">
                                                 
                                               </testcase><testcase classname="org.argus.jawa.flow.summary.model.ThreadSuTest" name="getState:()Ljava/lang/Thread$State; should produce as expected" time="0.006">
                                                 
                                               </testcase><testcase classname="org.argus.jawa.flow.summary.model.ThreadSuTest" name="getThreadGroup:()Ljava/lang/ThreadGroup; should produce as expected" time="0.004">
                                                 
                                               </testcase><testcase classname="org.argus.jawa.flow.summary.model.ThreadSuTest" name="getUncaughtExceptionHandler:()Ljava/lang/Thread$UncaughtExceptionHandler; should produce as expected" time="0.003">
                                                 
                                               </testcase><testcase classname="org.argus.jawa.flow.summary.model.ThreadSuTest" name="holdsLock:(Ljava/lang/Object;)Z should produce as expected" time="0.001">
                                                 
                                               </testcase><testcase classname="org.argus.jawa.flow.summary.model.ThreadSuTest" name="interrupt:()V should produce as expected" time="0.001">
                                                 
                                               </testcase><testcase classname="org.argus.jawa.flow.summary.model.ThreadSuTest" name="interrupted:()Z should produce as expected" time="0.0">
                                                 
                                               </testcase><testcase classname="org.argus.jawa.flow.summary.model.ThreadSuTest" name="isAlive:()Z should produce as expected" time="0.001">
                                                 
                                               </testcase><testcase classname="org.argus.jawa.flow.summary.model.ThreadSuTest" name="isDaemon:()Z should produce as expected" time="0.0">
                                                 
                                               </testcase><testcase classname="org.argus.jawa.flow.summary.model.ThreadSuTest" name="isInterrupted:()Z should produce as expected" time="0.0">
                                                 
                                               </testcase><testcase classname="org.argus.jawa.flow.summary.model.ThreadSuTest" name="join:()V should produce as expected" time="0.0">
                                                 
                                               </testcase><testcase classname="org.argus.jawa.flow.summary.model.ThreadSuTest" name="join:(J)V should produce as expected" time="0.001">
                                                 
                                               </testcase><testcase classname="org.argus.jawa.flow.summary.model.ThreadSuTest" name="join:(JI)V should produce as expected" time="0.0">
                                                 
                                               </testcase><testcase classname="org.argus.jawa.flow.summary.model.ThreadSuTest" name="resume:()V should produce as expected" time="0.0">
                                                 
                                               </testcase><testcase classname="org.argus.jawa.flow.summary.model.ThreadSuTest" name="run:()V should produce as expected" time="0.001">
                                                 
                                               </testcase><testcase classname="org.argus.jawa.flow.summary.model.ThreadSuTest" name="setContextClassLoader:(Ljava/lang/ClassLoader;)V should produce as expected" time="0.002">
                                                 
                                               </testcase><testcase classname="org.argus.jawa.flow.summary.model.ThreadSuTest" name="setDaemon:(Z)V should produce as expected" time="0.0">
                                                 
                                               </testcase><testcase classname="org.argus.jawa.flow.summary.model.ThreadSuTest" name="setDefaultUncaughtExceptionHandler:(Ljava/lang/Thread$UncaughtExceptionHandler;)V should produce as expected" time="0.014">
                                                 
                                               </testcase><testcase classname="org.argus.jawa.flow.summary.model.ThreadSuTest" name="setName:(Ljava/lang/String;)V should produce as expected" time="0.002">
                                                 
                                               </testcase><testcase classname="org.argus.jawa.flow.summary.model.ThreadSuTest" name="setPriority:(I)V should produce as expected" time="0.0">
                                                 
                                               </testcase><testcase classname="org.argus.jawa.flow.summary.model.ThreadSuTest" name="setUncaughtExceptionHandler:(Ljava/lang/Thread$UncaughtExceptionHandler;)V should produce as expected" time="0.003">
                                                 
                                               </testcase><testcase classname="org.argus.jawa.flow.summary.model.ThreadSuTest" name="sleep:(J)V should produce as expected" time="0.0">
                                                 
                                               </testcase><testcase classname="org.argus.jawa.flow.summary.model.ThreadSuTest" name="sleep:(JI)V should produce as expected" time="0.002">
                                                 
                                               </testcase><testcase classname="org.argus.jawa.flow.summary.model.ThreadSuTest" name="start:()V should produce as expected" time="0.001">
                                                 
                                               </testcase><testcase classname="org.argus.jawa.flow.summary.model.ThreadSuTest" name="stop:()V should produce as expected" time="0.001">
                                                 
                                               </testcase><testcase classname="org.argus.jawa.flow.summary.model.ThreadSuTest" name="stop:(Ljava/lang/Throwable;)V should produce as expected" time="0.0">
                                                 
                                               </testcase><testcase classname="org.argus.jawa.flow.summary.model.ThreadSuTest" name="suspend:()V should produce as expected" time="0.001">
                                                 
                                               </testcase><testcase classname="org.argus.jawa.flow.summary.model.ThreadSuTest" name="toString:()Ljava/lang/String; should produce as expected" time="0.002">
                                                 
                                               </testcase><testcase classname="org.argus.jawa.flow.summary.model.ThreadSuTest" name="yield:()V should produce as expected" time="0.001">
                                                 
                                               </testcase>
                     <system-out><![CDATA[]]></system-out>
                     <system-err><![CDATA[]]></system-err>
                   </testsuite>